{"total": {"lines":{"total":1560,"covered":1109,"skipped":0,"pct":71.08},"statements":{"total":1940,"covered":1292,"skipped":0,"pct":66.59},"functions":{"total":409,"covered":226,"skipped":0,"pct":55.25},"branches":{"total":1780,"covered":1150,"skipped":0,"pct":64.6},"branchesTrue":{"total":0,"covered":0,"skipped":0,"pct":100}}
,"/home/twd/dev/signal-extension/src/content/components/ErrorToast.vue": {"lines":{"total":12,"covered":12,"skipped":0,"pct":100},"functions":{"total":6,"covered":6,"skipped":0,"pct":100},"statements":{"total":14,"covered":14,"skipped":0,"pct":100},"branches":{"total":9,"covered":9,"skipped":0,"pct":100}}
,"/home/twd/dev/signal-extension/src/content/components/IssueDialog.vue": {"lines":{"total":30,"covered":28,"skipped":0,"pct":93.33},"functions":{"total":8,"covered":7,"skipped":0,"pct":87.5},"statements":{"total":30,"covered":28,"skipped":0,"pct":93.33},"branches":{"total":14,"covered":8,"skipped":0,"pct":57.14}}
,"/home/twd/dev/signal-extension/src/content/components/ReplayWidget.vue": {"lines":{"total":254,"covered":130,"skipped":0,"pct":51.18},"functions":{"total":47,"covered":16,"skipped":0,"pct":34.04},"statements":{"total":298,"covered":141,"skipped":0,"pct":47.31},"branches":{"total":206,"covered":96,"skipped":0,"pct":46.6}}
,"/home/twd/dev/signal-extension/src/content/components/Widget.vue": {"lines":{"total":36,"covered":28,"skipped":0,"pct":77.77},"functions":{"total":27,"covered":7,"skipped":0,"pct":25.92},"statements":{"total":47,"covered":33,"skipped":0,"pct":70.21},"branches":{"total":56,"covered":53,"skipped":0,"pct":94.64}}
,"/home/twd/dev/signal-extension/src/popup/Popup.vue": {"lines":{"total":153,"covered":83,"skipped":0,"pct":54.24},"functions":{"total":52,"covered":12,"skipped":0,"pct":23.07},"statements":{"total":174,"covered":87,"skipped":0,"pct":50},"branches":{"total":195,"covered":130,"skipped":0,"pct":66.66}}
,"/home/twd/dev/signal-extension/src/screenshot-editor/Editor.vue": {"lines":{"total":173,"covered":111,"skipped":0,"pct":64.16},"functions":{"total":25,"covered":17,"skipped":0,"pct":68},"statements":{"total":194,"covered":122,"skipped":0,"pct":62.88},"branches":{"total":87,"covered":42,"skipped":0,"pct":48.27}}
,"/home/twd/dev/signal-extension/src/viewer/Viewer.vue": {"lines":{"total":150,"covered":124,"skipped":0,"pct":82.66},"functions":{"total":30,"covered":22,"skipped":0,"pct":73.33},"statements":{"total":185,"covered":145,"skipped":0,"pct":78.37},"branches":{"total":166,"covered":115,"skipped":0,"pct":69.27}}
,"/home/twd/dev/signal-extension/src/viewer/components/ConsoleTab.vue": {"lines":{"total":73,"covered":63,"skipped":0,"pct":86.3},"functions":{"total":22,"covered":19,"skipped":0,"pct":86.36},"statements":{"total":103,"covered":84,"skipped":0,"pct":81.55},"branches":{"total":148,"covered":90,"skipped":0,"pct":60.81}}
,"/home/twd/dev/signal-extension/src/viewer/components/ContentChangesTab.vue": {"lines":{"total":12,"covered":11,"skipped":0,"pct":91.66},"functions":{"total":3,"covered":3,"skipped":0,"pct":100},"statements":{"total":15,"covered":14,"skipped":0,"pct":93.33},"branches":{"total":26,"covered":23,"skipped":0,"pct":88.46}}
,"/home/twd/dev/signal-extension/src/viewer/components/CopyButton.vue": {"lines":{"total":21,"covered":18,"skipped":0,"pct":85.71},"functions":{"total":2,"covered":1,"skipped":0,"pct":50},"statements":{"total":22,"covered":18,"skipped":0,"pct":81.81},"branches":{"total":18,"covered":17,"skipped":0,"pct":94.44}}
,"/home/twd/dev/signal-extension/src/viewer/components/EnvironmentTab.vue": {"lines":{"total":40,"covered":38,"skipped":0,"pct":95},"functions":{"total":12,"covered":10,"skipped":0,"pct":83.33},"statements":{"total":48,"covered":41,"skipped":0,"pct":85.41},"branches":{"total":75,"covered":55,"skipped":0,"pct":73.33}}
,"/home/twd/dev/signal-extension/src/viewer/components/IssuesTab.vue": {"lines":{"total":33,"covered":32,"skipped":0,"pct":96.96},"functions":{"total":5,"covered":5,"skipped":0,"pct":100},"statements":{"total":42,"covered":37,"skipped":0,"pct":88.09},"branches":{"total":51,"covered":40,"skipped":0,"pct":78.43}}
,"/home/twd/dev/signal-extension/src/viewer/components/NetworkTab.vue": {"lines":{"total":148,"covered":113,"skipped":0,"pct":76.35},"functions":{"total":41,"covered":22,"skipped":0,"pct":53.65},"statements":{"total":217,"covered":142,"skipped":0,"pct":65.43},"branches":{"total":241,"covered":128,"skipped":0,"pct":53.11}}
,"/home/twd/dev/signal-extension/src/viewer/components/ReplayModal.vue": {"lines":{"total":76,"covered":58,"skipped":0,"pct":76.31},"functions":{"total":38,"covered":12,"skipped":0,"pct":31.57},"statements":{"total":96,"covered":62,"skipped":0,"pct":64.58},"branches":{"total":76,"covered":55,"skipped":0,"pct":72.36}}
,"/home/twd/dev/signal-extension/src/viewer/components/ScriptModal.vue": {"lines":{"total":8,"covered":8,"skipped":0,"pct":100},"functions":{"total":2,"covered":1,"skipped":0,"pct":50},"statements":{"total":9,"covered":8,"skipped":0,"pct":88.88},"branches":{"total":5,"covered":5,"skipped":0,"pct":100}}
,"/home/twd/dev/signal-extension/src/viewer/components/StorageTab.vue": {"lines":{"total":57,"covered":45,"skipped":0,"pct":78.94},"functions":{"total":25,"covered":20,"skipped":0,"pct":80},"statements":{"total":75,"covered":61,"skipped":0,"pct":81.33},"branches":{"total":64,"covered":51,"skipped":0,"pct":79.68}}
,"/home/twd/dev/signal-extension/src/viewer/components/TimelineTab.vue": {"lines":{"total":201,"covered":147,"skipped":0,"pct":73.13},"functions":{"total":52,"covered":41,"skipped":0,"pct":78.84},"statements":{"total":284,"covered":195,"skipped":0,"pct":68.66},"branches":{"total":271,"covered":174,"skipped":0,"pct":64.2}}
,"/home/twd/dev/signal-extension/src/viewer/components/WebhookModal.vue": {"lines":{"total":83,"covered":60,"skipped":0,"pct":72.28},"functions":{"total":12,"covered":5,"skipped":0,"pct":41.66},"statements":{"total":87,"covered":60,"skipped":0,"pct":68.96},"branches":{"total":72,"covered":59,"skipped":0,"pct":81.94}}
}
